2019-05-27 07:40:18 [127.0.0.1][-][6a6f4712d71293dd59a1517f48b00237][error][Error] Error: Class 'app\models\Fakulta' not found in /opt/lampp/htdocs/yii-prak1/models/Prodi.php:37
Stack trace:
#0 /opt/lampp/htdocs/yii-prak1/vendor/yiisoft/yii2/base/Model.php(464): app\models\Prodi->rules()
#1 /opt/lampp/htdocs/yii-prak1/vendor/yiisoft/yii2/base/Model.php(420): yii\base\Model->createValidators()
#2 /opt/lampp/htdocs/yii-prak1/vendor/yiisoft/yii2/base/Model.php(189): yii\base\Model->getValidators()
#3 /opt/lampp/htdocs/yii-prak1/vendor/yiisoft/yii2/base/Model.php(795): yii\base\Model->scenarios()
#4 /opt/lampp/htdocs/yii-prak1/vendor/yiisoft/yii2-gii/src/generators/crud/default/views/_form.php(11): yii\base\Model->safeAttributes()
#5 /opt/lampp/htdocs/yii-prak1/vendor/yiisoft/yii2/base/View.php(348): require('/opt/lampp/htdo...')
#6 /opt/lampp/htdocs/yii-prak1/vendor/yiisoft/yii2/base/View.php(257): yii\base\View->renderPhpFile('/opt/lampp/htdo...', Array)
#7 /opt/lampp/htdocs/yii-prak1/vendor/yiisoft/yii2-gii/src/Generator.php(317): yii\base\View->renderFile('/opt/lampp/htdo...', Array, Object(yii\gii\generators\crud\Generator))
#8 /opt/lampp/htdocs/yii-prak1/vendor/yiisoft/yii2-gii/src/generators/crud/Generator.php(188): yii\gii\Generator->render('views/_form.php')
#9 /opt/lampp/htdocs/yii-prak1/vendor/yiisoft/yii2-gii/src/controllers/DefaultController.php(61): yii\gii\generators\crud\Generator->generate()
#10 [internal function]: yii\gii\controllers\DefaultController->actionView('crud')
#11 /opt/lampp/htdocs/yii-prak1/vendor/yiisoft/yii2/base/InlineAction.php(57): call_user_func_array(Array, Array)
#12 /opt/lampp/htdocs/yii-prak1/vendor/yiisoft/yii2/base/Controller.php(157): yii\base\InlineAction->runWithParams(Array)
#13 /opt/lampp/htdocs/yii-prak1/vendor/yiisoft/yii2/base/Module.php(528): yii\base\Controller->runAction('view', Array)
#14 /opt/lampp/htdocs/yii-prak1/vendor/yiisoft/yii2/web/Application.php(103): yii\base\Module->runAction('gii/default/vie...', Array)
#15 /opt/lampp/htdocs/yii-prak1/vendor/yiisoft/yii2/base/Application.php(386): yii\web\Application->handleRequest(Object(yii\web\Request))
#16 /opt/lampp/htdocs/yii-prak1/web/index.php(12): yii\base\Application->run()
#17 {main}
2019-05-27 07:40:18 [127.0.0.1][-][6a6f4712d71293dd59a1517f48b00237][info][application] $_GET = [
    'r' => 'gii/default/view'
    'id' => 'crud'
]

$_POST = [
    '_csrf' => 'FJ1D4uRszhzSsgP92uCvZehYgeq-DFGeTdu1CJyni6B6-zrTiDWXLuLGdbeJ0tsNiyqxifR0Yfcc64Y515_i5w=='
    'Generator' => [
        'modelClass' => 'app\\models\\Prodi'
        'searchModelClass' => 'app\\models\\PostSearch'
        'controllerClass' => 'app\\controllers\\PostController'
        'viewPath' => 'app/views/ControllerID'
        'baseControllerClass' => 'yii\\web\\Controller'
        'indexWidgetType' => 'grid'
        'enableI18N' => '0'
        'enablePjax' => '0'
        'messageCategory' => 'app'
        'template' => 'default'
    ]
    'preview' => ''
]

$_FILES = []

$_COOKIE = [
    'PHPSESSID' => '6a6f4712d71293dd59a1517f48b00237'
    '_csrf' => 'a2b6d4e1c4f71530155a58e4d444e3c6a1fb64c12352374c8b9efa1f1c61e3d6a:2:{i:0;s:5:\"_csrf\";i:1;s:32:\"nfy1lYY20tvJS2thcr0cJx0iQ031K8iG\";}'
]

$_SESSION = [
    '__flash' => []
]

$_SERVER = [
    'UNIQUE_ID' => 'XOt4QirxeDapKgNQBZFuyAAAAAE'
    'HTTP_HOST' => 'localhost'
    'HTTP_USER_AGENT' => 'Mozilla/5.0 (X11; Ubuntu; Linux x86_64; rv:67.0) Gecko/20100101 Firefox/67.0'
    'HTTP_ACCEPT' => 'text/html,application/xhtml+xml,application/xml;q=0.9,*/*;q=0.8'
    'HTTP_ACCEPT_LANGUAGE' => 'en-US,en;q=0.5'
    'HTTP_ACCEPT_ENCODING' => 'gzip, deflate'
    'HTTP_REFERER' => 'http://localhost/yii-prak1/web/index.php?r=gii%2Fdefault%2Fview&id=crud'
    'CONTENT_TYPE' => 'application/x-www-form-urlencoded'
    'CONTENT_LENGTH' => '546'
    'HTTP_CONNECTION' => 'keep-alive'
    'HTTP_COOKIE' => 'PHPSESSID=6a6f4712d71293dd59a1517f48b00237; _csrf=a2b6d4e1c4f71530155a58e4d444e3c6a1fb64c12352374c8b9efa1f1c61e3d6a%3A2%3A%7Bi%3A0%3Bs%3A5%3A%22_csrf%22%3Bi%3A1%3Bs%3A32%3A%22nfy1lYY20tvJS2thcr0cJx0iQ031K8iG%22%3B%7D'
    'HTTP_UPGRADE_INSECURE_REQUESTS' => '1'
    'PATH' => '/usr/local/sbin:/usr/local/bin:/usr/sbin:/usr/bin:/sbin:/bin'
    'LD_LIBRARY_PATH' => '/opt/lampp/lib:/opt/lampp/lib'
    'SERVER_SIGNATURE' => ''
    'SERVER_SOFTWARE' => 'Apache/2.4.34 (Unix) OpenSSL/1.0.2p PHP/7.2.10 mod_perl/2.0.8-dev Perl/v5.16.3'
    'SERVER_NAME' => 'localhost'
    'SERVER_ADDR' => '127.0.0.1'
    'SERVER_PORT' => '80'
    'REMOTE_ADDR' => '127.0.0.1'
    'DOCUMENT_ROOT' => '/opt/lampp/htdocs'
    'REQUEST_SCHEME' => 'http'
    'CONTEXT_PREFIX' => ''
    'CONTEXT_DOCUMENT_ROOT' => '/opt/lampp/htdocs'
    'SERVER_ADMIN' => 'you@example.com'
    'SCRIPT_FILENAME' => '/opt/lampp/htdocs/yii-prak1/web/index.php'
    'REMOTE_PORT' => '45174'
    'GATEWAY_INTERFACE' => 'CGI/1.1'
    'SERVER_PROTOCOL' => 'HTTP/1.1'
    'REQUEST_METHOD' => 'POST'
    'QUERY_STRING' => 'r=gii%2Fdefault%2Fview&id=crud'
    'REQUEST_URI' => '/yii-prak1/web/index.php?r=gii%2Fdefault%2Fview&id=crud'
    'SCRIPT_NAME' => '/yii-prak1/web/index.php'
    'PHP_SELF' => '/yii-prak1/web/index.php'
    'REQUEST_TIME_FLOAT' => 1558935618.632
    'REQUEST_TIME' => 1558935618
]
2019-05-27 07:40:34 [127.0.0.1][-][6a6f4712d71293dd59a1517f48b00237][error][Error] Error: Class 'app\models\Fakulta' not found in /opt/lampp/htdocs/yii-prak1/models/Prodi.php:37
Stack trace:
#0 /opt/lampp/htdocs/yii-prak1/vendor/yiisoft/yii2/base/Model.php(464): app\models\Prodi->rules()
#1 /opt/lampp/htdocs/yii-prak1/vendor/yiisoft/yii2/base/Model.php(420): yii\base\Model->createValidators()
#2 /opt/lampp/htdocs/yii-prak1/vendor/yiisoft/yii2/base/Model.php(189): yii\base\Model->getValidators()
#3 /opt/lampp/htdocs/yii-prak1/vendor/yiisoft/yii2/base/Model.php(795): yii\base\Model->scenarios()
#4 /opt/lampp/htdocs/yii-prak1/vendor/yiisoft/yii2-gii/src/generators/crud/default/views/_form.php(11): yii\base\Model->safeAttributes()
#5 /opt/lampp/htdocs/yii-prak1/vendor/yiisoft/yii2/base/View.php(348): require('/opt/lampp/htdo...')
#6 /opt/lampp/htdocs/yii-prak1/vendor/yiisoft/yii2/base/View.php(257): yii\base\View->renderPhpFile('/opt/lampp/htdo...', Array)
#7 /opt/lampp/htdocs/yii-prak1/vendor/yiisoft/yii2-gii/src/Generator.php(317): yii\base\View->renderFile('/opt/lampp/htdo...', Array, Object(yii\gii\generators\crud\Generator))
#8 /opt/lampp/htdocs/yii-prak1/vendor/yiisoft/yii2-gii/src/generators/crud/Generator.php(188): yii\gii\Generator->render('views/_form.php')
#9 /opt/lampp/htdocs/yii-prak1/vendor/yiisoft/yii2-gii/src/controllers/DefaultController.php(61): yii\gii\generators\crud\Generator->generate()
#10 [internal function]: yii\gii\controllers\DefaultController->actionView('crud')
#11 /opt/lampp/htdocs/yii-prak1/vendor/yiisoft/yii2/base/InlineAction.php(57): call_user_func_array(Array, Array)
#12 /opt/lampp/htdocs/yii-prak1/vendor/yiisoft/yii2/base/Controller.php(157): yii\base\InlineAction->runWithParams(Array)
#13 /opt/lampp/htdocs/yii-prak1/vendor/yiisoft/yii2/base/Module.php(528): yii\base\Controller->runAction('view', Array)
#14 /opt/lampp/htdocs/yii-prak1/vendor/yiisoft/yii2/web/Application.php(103): yii\base\Module->runAction('gii/default/vie...', Array)
#15 /opt/lampp/htdocs/yii-prak1/vendor/yiisoft/yii2/base/Application.php(386): yii\web\Application->handleRequest(Object(yii\web\Request))
#16 /opt/lampp/htdocs/yii-prak1/web/index.php(12): yii\base\Application->run()
#17 {main}
2019-05-27 07:40:34 [127.0.0.1][-][6a6f4712d71293dd59a1517f48b00237][info][application] $_GET = [
    'r' => 'gii/default/view'
    'id' => 'crud'
]

$_POST = [
    '_csrf' => 'l-arBgjOubbmczJK2eCKPhP37CkVZs4ZqbIEs5X8Q8f5gNI3ZJfghNYHRACK0v5WcIXcSl8e_nD4gjeC3sQqgA=='
    'Generator' => [
        'modelClass' => 'app\\models\\Prodi'
        'searchModelClass' => 'app\\models\\PostSearch'
        'controllerClass' => 'app\\controllers\\PostController'
        'viewPath' => 'app/views/ControllerID'
        'baseControllerClass' => 'yii\\web\\Controller'
        'indexWidgetType' => 'grid'
        'enableI18N' => '0'
        'enablePjax' => '0'
        'messageCategory' => 'app'
        'template' => 'default'
    ]
    'preview' => ''
]

$_FILES = []

$_COOKIE = [
    'PHPSESSID' => '6a6f4712d71293dd59a1517f48b00237'
    '_csrf' => 'a2b6d4e1c4f71530155a58e4d444e3c6a1fb64c12352374c8b9efa1f1c61e3d6a:2:{i:0;s:5:\"_csrf\";i:1;s:32:\"nfy1lYY20tvJS2thcr0cJx0iQ031K8iG\";}'
]

$_SESSION = [
    '__flash' => []
]

$_SERVER = [
    'UNIQUE_ID' => 'XOt4UmBah5GOJCg@iU81fQAAAAI'
    'HTTP_HOST' => 'localhost'
    'HTTP_USER_AGENT' => 'Mozilla/5.0 (X11; Ubuntu; Linux x86_64; rv:67.0) Gecko/20100101 Firefox/67.0'
    'HTTP_ACCEPT' => 'text/html,application/xhtml+xml,application/xml;q=0.9,*/*;q=0.8'
    'HTTP_ACCEPT_LANGUAGE' => 'en-US,en;q=0.5'
    'HTTP_ACCEPT_ENCODING' => 'gzip, deflate'
    'HTTP_REFERER' => 'http://localhost/yii-prak1/web/index.php?r=gii%2Fdefault%2Fview&id=crud'
    'CONTENT_TYPE' => 'application/x-www-form-urlencoded'
    'CONTENT_LENGTH' => '546'
    'HTTP_CONNECTION' => 'keep-alive'
    'HTTP_COOKIE' => 'PHPSESSID=6a6f4712d71293dd59a1517f48b00237; _csrf=a2b6d4e1c4f71530155a58e4d444e3c6a1fb64c12352374c8b9efa1f1c61e3d6a%3A2%3A%7Bi%3A0%3Bs%3A5%3A%22_csrf%22%3Bi%3A1%3Bs%3A32%3A%22nfy1lYY20tvJS2thcr0cJx0iQ031K8iG%22%3B%7D'
    'HTTP_UPGRADE_INSECURE_REQUESTS' => '1'
    'PATH' => '/usr/local/sbin:/usr/local/bin:/usr/sbin:/usr/bin:/sbin:/bin'
    'LD_LIBRARY_PATH' => '/opt/lampp/lib:/opt/lampp/lib'
    'SERVER_SIGNATURE' => ''
    'SERVER_SOFTWARE' => 'Apache/2.4.34 (Unix) OpenSSL/1.0.2p PHP/7.2.10 mod_perl/2.0.8-dev Perl/v5.16.3'
    'SERVER_NAME' => 'localhost'
    'SERVER_ADDR' => '127.0.0.1'
    'SERVER_PORT' => '80'
    'REMOTE_ADDR' => '127.0.0.1'
    'DOCUMENT_ROOT' => '/opt/lampp/htdocs'
    'REQUEST_SCHEME' => 'http'
    'CONTEXT_PREFIX' => ''
    'CONTEXT_DOCUMENT_ROOT' => '/opt/lampp/htdocs'
    'SERVER_ADMIN' => 'you@example.com'
    'SCRIPT_FILENAME' => '/opt/lampp/htdocs/yii-prak1/web/index.php'
    'REMOTE_PORT' => '45182'
    'GATEWAY_INTERFACE' => 'CGI/1.1'
    'SERVER_PROTOCOL' => 'HTTP/1.1'
    'REQUEST_METHOD' => 'POST'
    'QUERY_STRING' => 'r=gii%2Fdefault%2Fview&id=crud'
    'REQUEST_URI' => '/yii-prak1/web/index.php?r=gii%2Fdefault%2Fview&id=crud'
    'SCRIPT_NAME' => '/yii-prak1/web/index.php'
    'PHP_SELF' => '/yii-prak1/web/index.php'
    'REQUEST_TIME_FLOAT' => 1558935634.204
    'REQUEST_TIME' => 1558935634
]
2019-05-27 07:41:00 [127.0.0.1][-][6a6f4712d71293dd59a1517f48b00237][error][Error] Error: Class 'app\models\Fakulta' not found in /opt/lampp/htdocs/yii-prak1/models/Prodi.php:37
Stack trace:
#0 /opt/lampp/htdocs/yii-prak1/vendor/yiisoft/yii2/base/Model.php(464): app\models\Prodi->rules()
#1 /opt/lampp/htdocs/yii-prak1/vendor/yiisoft/yii2/base/Model.php(420): yii\base\Model->createValidators()
#2 /opt/lampp/htdocs/yii-prak1/vendor/yiisoft/yii2/base/Model.php(189): yii\base\Model->getValidators()
#3 /opt/lampp/htdocs/yii-prak1/vendor/yiisoft/yii2/base/Model.php(795): yii\base\Model->scenarios()
#4 /opt/lampp/htdocs/yii-prak1/vendor/yiisoft/yii2-gii/src/generators/crud/default/views/_form.php(11): yii\base\Model->safeAttributes()
#5 /opt/lampp/htdocs/yii-prak1/vendor/yiisoft/yii2/base/View.php(348): require('/opt/lampp/htdo...')
#6 /opt/lampp/htdocs/yii-prak1/vendor/yiisoft/yii2/base/View.php(257): yii\base\View->renderPhpFile('/opt/lampp/htdo...', Array)
#7 /opt/lampp/htdocs/yii-prak1/vendor/yiisoft/yii2-gii/src/Generator.php(317): yii\base\View->renderFile('/opt/lampp/htdo...', Array, Object(yii\gii\generators\crud\Generator))
#8 /opt/lampp/htdocs/yii-prak1/vendor/yiisoft/yii2-gii/src/generators/crud/Generator.php(188): yii\gii\Generator->render('views/_form.php')
#9 /opt/lampp/htdocs/yii-prak1/vendor/yiisoft/yii2-gii/src/controllers/DefaultController.php(61): yii\gii\generators\crud\Generator->generate()
#10 [internal function]: yii\gii\controllers\DefaultController->actionView('crud')
#11 /opt/lampp/htdocs/yii-prak1/vendor/yiisoft/yii2/base/InlineAction.php(57): call_user_func_array(Array, Array)
#12 /opt/lampp/htdocs/yii-prak1/vendor/yiisoft/yii2/base/Controller.php(157): yii\base\InlineAction->runWithParams(Array)
#13 /opt/lampp/htdocs/yii-prak1/vendor/yiisoft/yii2/base/Module.php(528): yii\base\Controller->runAction('view', Array)
#14 /opt/lampp/htdocs/yii-prak1/vendor/yiisoft/yii2/web/Application.php(103): yii\base\Module->runAction('gii/default/vie...', Array)
#15 /opt/lampp/htdocs/yii-prak1/vendor/yiisoft/yii2/base/Application.php(386): yii\web\Application->handleRequest(Object(yii\web\Request))
#16 /opt/lampp/htdocs/yii-prak1/web/index.php(12): yii\base\Application->run()
#17 {main}
2019-05-27 07:41:00 [127.0.0.1][-][6a6f4712d71293dd59a1517f48b00237][info][application] $_GET = [
    'r' => 'gii/default/view'
    'id' => 'crud'
]

$_POST = [
    '_csrf' => 'BTmIf4xFKBjeWQIGdkAGLnqJW3_3cfC_IXkRhy9xky5rX_FO4BxxKu4tdEwlcnJGGftrHL0JwNZwSSK2ZEn6aQ=='
    'Generator' => [
        'modelClass' => 'app\\models\\Prodi'
        'searchModelClass' => 'app\\models\\PostSearch'
        'controllerClass' => 'app\\controllers\\PostController'
        'viewPath' => 'app/views/ControllerID'
        'baseControllerClass' => 'yii\\web\\Controller'
        'indexWidgetType' => 'grid'
        'enableI18N' => '0'
        'enablePjax' => '0'
        'messageCategory' => 'app'
        'template' => 'default'
    ]
    'preview' => ''
]

$_FILES = []

$_COOKIE = [
    'PHPSESSID' => '6a6f4712d71293dd59a1517f48b00237'
    '_csrf' => 'a2b6d4e1c4f71530155a58e4d444e3c6a1fb64c12352374c8b9efa1f1c61e3d6a:2:{i:0;s:5:\"_csrf\";i:1;s:32:\"nfy1lYY20tvJS2thcr0cJx0iQ031K8iG\";}'
]

$_SESSION = [
    '__flash' => []
]

$_SERVER = [
    'UNIQUE_ID' => 'XOt4bH2iTDyCbaAbTcpsrwAAAAk'
    'HTTP_HOST' => 'localhost'
    'HTTP_USER_AGENT' => 'Mozilla/5.0 (X11; Ubuntu; Linux x86_64; rv:67.0) Gecko/20100101 Firefox/67.0'
    'HTTP_ACCEPT' => 'text/html,application/xhtml+xml,application/xml;q=0.9,*/*;q=0.8'
    'HTTP_ACCEPT_LANGUAGE' => 'en-US,en;q=0.5'
    'HTTP_ACCEPT_ENCODING' => 'gzip, deflate'
    'HTTP_REFERER' => 'http://localhost/yii-prak1/web/index.php?r=gii%2Fdefault%2Fview&id=crud'
    'CONTENT_TYPE' => 'application/x-www-form-urlencoded'
    'CONTENT_LENGTH' => '546'
    'HTTP_CONNECTION' => 'keep-alive'
    'HTTP_COOKIE' => 'PHPSESSID=6a6f4712d71293dd59a1517f48b00237; _csrf=a2b6d4e1c4f71530155a58e4d444e3c6a1fb64c12352374c8b9efa1f1c61e3d6a%3A2%3A%7Bi%3A0%3Bs%3A5%3A%22_csrf%22%3Bi%3A1%3Bs%3A32%3A%22nfy1lYY20tvJS2thcr0cJx0iQ031K8iG%22%3B%7D'
    'HTTP_UPGRADE_INSECURE_REQUESTS' => '1'
    'PATH' => '/usr/local/sbin:/usr/local/bin:/usr/sbin:/usr/bin:/sbin:/bin'
    'LD_LIBRARY_PATH' => '/opt/lampp/lib:/opt/lampp/lib'
    'SERVER_SIGNATURE' => ''
    'SERVER_SOFTWARE' => 'Apache/2.4.34 (Unix) OpenSSL/1.0.2p PHP/7.2.10 mod_perl/2.0.8-dev Perl/v5.16.3'
    'SERVER_NAME' => 'localhost'
    'SERVER_ADDR' => '127.0.0.1'
    'SERVER_PORT' => '80'
    'REMOTE_ADDR' => '127.0.0.1'
    'DOCUMENT_ROOT' => '/opt/lampp/htdocs'
    'REQUEST_SCHEME' => 'http'
    'CONTEXT_PREFIX' => ''
    'CONTEXT_DOCUMENT_ROOT' => '/opt/lampp/htdocs'
    'SERVER_ADMIN' => 'you@example.com'
    'SCRIPT_FILENAME' => '/opt/lampp/htdocs/yii-prak1/web/index.php'
    'REMOTE_PORT' => '45190'
    'GATEWAY_INTERFACE' => 'CGI/1.1'
    'SERVER_PROTOCOL' => 'HTTP/1.1'
    'REQUEST_METHOD' => 'POST'
    'QUERY_STRING' => 'r=gii%2Fdefault%2Fview&id=crud'
    'REQUEST_URI' => '/yii-prak1/web/index.php?r=gii%2Fdefault%2Fview&id=crud'
    'SCRIPT_NAME' => '/yii-prak1/web/index.php'
    'PHP_SELF' => '/yii-prak1/web/index.php'
    'REQUEST_TIME_FLOAT' => 1558935660.653
    'REQUEST_TIME' => 1558935660
]
2019-05-27 07:41:41 [127.0.0.1][-][6a6f4712d71293dd59a1517f48b00237][error][Error] Error: Class 'app\models\Fakulta' not found in /opt/lampp/htdocs/yii-prak1/models/Prodi.php:37
Stack trace:
#0 /opt/lampp/htdocs/yii-prak1/vendor/yiisoft/yii2/base/Model.php(464): app\models\Prodi->rules()
#1 /opt/lampp/htdocs/yii-prak1/vendor/yiisoft/yii2/base/Model.php(420): yii\base\Model->createValidators()
#2 /opt/lampp/htdocs/yii-prak1/vendor/yiisoft/yii2/base/Model.php(189): yii\base\Model->getValidators()
#3 /opt/lampp/htdocs/yii-prak1/vendor/yiisoft/yii2/base/Model.php(795): yii\base\Model->scenarios()
#4 /opt/lampp/htdocs/yii-prak1/vendor/yiisoft/yii2-gii/src/generators/crud/default/views/_form.php(11): yii\base\Model->safeAttributes()
#5 /opt/lampp/htdocs/yii-prak1/vendor/yiisoft/yii2/base/View.php(348): require('/opt/lampp/htdo...')
#6 /opt/lampp/htdocs/yii-prak1/vendor/yiisoft/yii2/base/View.php(257): yii\base\View->renderPhpFile('/opt/lampp/htdo...', Array)
#7 /opt/lampp/htdocs/yii-prak1/vendor/yiisoft/yii2-gii/src/Generator.php(317): yii\base\View->renderFile('/opt/lampp/htdo...', Array, Object(yii\gii\generators\crud\Generator))
#8 /opt/lampp/htdocs/yii-prak1/vendor/yiisoft/yii2-gii/src/generators/crud/Generator.php(188): yii\gii\Generator->render('views/_form.php')
#9 /opt/lampp/htdocs/yii-prak1/vendor/yiisoft/yii2-gii/src/controllers/DefaultController.php(61): yii\gii\generators\crud\Generator->generate()
#10 [internal function]: yii\gii\controllers\DefaultController->actionView('crud')
#11 /opt/lampp/htdocs/yii-prak1/vendor/yiisoft/yii2/base/InlineAction.php(57): call_user_func_array(Array, Array)
#12 /opt/lampp/htdocs/yii-prak1/vendor/yiisoft/yii2/base/Controller.php(157): yii\base\InlineAction->runWithParams(Array)
#13 /opt/lampp/htdocs/yii-prak1/vendor/yiisoft/yii2/base/Module.php(528): yii\base\Controller->runAction('view', Array)
#14 /opt/lampp/htdocs/yii-prak1/vendor/yiisoft/yii2/web/Application.php(103): yii\base\Module->runAction('gii/default/vie...', Array)
#15 /opt/lampp/htdocs/yii-prak1/vendor/yiisoft/yii2/base/Application.php(386): yii\web\Application->handleRequest(Object(yii\web\Request))
#16 /opt/lampp/htdocs/yii-prak1/web/index.php(12): yii\base\Application->run()
#17 {main}
2019-05-27 07:41:41 [127.0.0.1][-][6a6f4712d71293dd59a1517f48b00237][info][application] $_GET = [
    'r' => 'gii/default/view'
    'id' => 'crud'
]

$_POST = [
    '_csrf' => 'VuxuXjqwKRfoQt36MwI2Sw9SCmnZatrg949ZIbjrPI04ihdvVulwJdg2q7BgMEIjbCA6CpMS6ommv2oQ89NVyg=='
    'Generator' => [
        'modelClass' => 'app\\models\\Prodi'
        'searchModelClass' => 'app\\models\\PostSearch'
        'controllerClass' => 'app\\controllers\\PostController'
        'viewPath' => 'app/views/ControllerID'
        'baseControllerClass' => 'yii\\web\\Controller'
        'indexWidgetType' => 'grid'
        'enableI18N' => '0'
        'enablePjax' => '0'
        'messageCategory' => 'app'
        'template' => 'default'
    ]
    'preview' => ''
]

$_FILES = []

$_COOKIE = [
    'PHPSESSID' => '6a6f4712d71293dd59a1517f48b00237'
    '_csrf' => 'a2b6d4e1c4f71530155a58e4d444e3c6a1fb64c12352374c8b9efa1f1c61e3d6a:2:{i:0;s:5:\"_csrf\";i:1;s:32:\"nfy1lYY20tvJS2thcr0cJx0iQ031K8iG\";}'
]

$_SESSION = [
    '__flash' => []
]

$_SERVER = [
    'UNIQUE_ID' => 'XOt4lZYQrYN@x0JRTo2HnAAAAAA'
    'HTTP_HOST' => 'localhost'
    'HTTP_USER_AGENT' => 'Mozilla/5.0 (X11; Ubuntu; Linux x86_64; rv:67.0) Gecko/20100101 Firefox/67.0'
    'HTTP_ACCEPT' => 'text/html,application/xhtml+xml,application/xml;q=0.9,*/*;q=0.8'
    'HTTP_ACCEPT_LANGUAGE' => 'en-US,en;q=0.5'
    'HTTP_ACCEPT_ENCODING' => 'gzip, deflate'
    'HTTP_REFERER' => 'http://localhost/yii-prak1/web/index.php?r=gii%2Fdefault%2Fview&id=crud'
    'CONTENT_TYPE' => 'application/x-www-form-urlencoded'
    'CONTENT_LENGTH' => '546'
    'HTTP_CONNECTION' => 'keep-alive'
    'HTTP_COOKIE' => 'PHPSESSID=6a6f4712d71293dd59a1517f48b00237; _csrf=a2b6d4e1c4f71530155a58e4d444e3c6a1fb64c12352374c8b9efa1f1c61e3d6a%3A2%3A%7Bi%3A0%3Bs%3A5%3A%22_csrf%22%3Bi%3A1%3Bs%3A32%3A%22nfy1lYY20tvJS2thcr0cJx0iQ031K8iG%22%3B%7D'
    'HTTP_UPGRADE_INSECURE_REQUESTS' => '1'
    'PATH' => '/usr/local/sbin:/usr/local/bin:/usr/sbin:/usr/bin:/sbin:/bin'
    'LD_LIBRARY_PATH' => '/opt/lampp/lib:/opt/lampp/lib'
    'SERVER_SIGNATURE' => ''
    'SERVER_SOFTWARE' => 'Apache/2.4.34 (Unix) OpenSSL/1.0.2p PHP/7.2.10 mod_perl/2.0.8-dev Perl/v5.16.3'
    'SERVER_NAME' => 'localhost'
    'SERVER_ADDR' => '127.0.0.1'
    'SERVER_PORT' => '80'
    'REMOTE_ADDR' => '127.0.0.1'
    'DOCUMENT_ROOT' => '/opt/lampp/htdocs'
    'REQUEST_SCHEME' => 'http'
    'CONTEXT_PREFIX' => ''
    'CONTEXT_DOCUMENT_ROOT' => '/opt/lampp/htdocs'
    'SERVER_ADMIN' => 'you@example.com'
    'SCRIPT_FILENAME' => '/opt/lampp/htdocs/yii-prak1/web/index.php'
    'REMOTE_PORT' => '45196'
    'GATEWAY_INTERFACE' => 'CGI/1.1'
    'SERVER_PROTOCOL' => 'HTTP/1.1'
    'REQUEST_METHOD' => 'POST'
    'QUERY_STRING' => 'r=gii%2Fdefault%2Fview&id=crud'
    'REQUEST_URI' => '/yii-prak1/web/index.php?r=gii%2Fdefault%2Fview&id=crud'
    'SCRIPT_NAME' => '/yii-prak1/web/index.php'
    'PHP_SELF' => '/yii-prak1/web/index.php'
    'REQUEST_TIME_FLOAT' => 1558935701.154
    'REQUEST_TIME' => 1558935701
]
2019-05-27 07:42:44 [127.0.0.1][-][6a6f4712d71293dd59a1517f48b00237][error][Error] Error: Class 'app\models\Fakulta' not found in /opt/lampp/htdocs/yii-prak1/models/Prodi.php:37
Stack trace:
#0 /opt/lampp/htdocs/yii-prak1/vendor/yiisoft/yii2/base/Model.php(464): app\models\Prodi->rules()
#1 /opt/lampp/htdocs/yii-prak1/vendor/yiisoft/yii2/base/Model.php(420): yii\base\Model->createValidators()
#2 /opt/lampp/htdocs/yii-prak1/vendor/yiisoft/yii2/base/Model.php(189): yii\base\Model->getValidators()
#3 /opt/lampp/htdocs/yii-prak1/vendor/yiisoft/yii2/base/Model.php(795): yii\base\Model->scenarios()
#4 /opt/lampp/htdocs/yii-prak1/vendor/yiisoft/yii2-gii/src/generators/crud/default/views/_form.php(11): yii\base\Model->safeAttributes()
#5 /opt/lampp/htdocs/yii-prak1/vendor/yiisoft/yii2/base/View.php(348): require('/opt/lampp/htdo...')
#6 /opt/lampp/htdocs/yii-prak1/vendor/yiisoft/yii2/base/View.php(257): yii\base\View->renderPhpFile('/opt/lampp/htdo...', Array)
#7 /opt/lampp/htdocs/yii-prak1/vendor/yiisoft/yii2-gii/src/Generator.php(317): yii\base\View->renderFile('/opt/lampp/htdo...', Array, Object(yii\gii\generators\crud\Generator))
#8 /opt/lampp/htdocs/yii-prak1/vendor/yiisoft/yii2-gii/src/generators/crud/Generator.php(188): yii\gii\Generator->render('views/_form.php')
#9 /opt/lampp/htdocs/yii-prak1/vendor/yiisoft/yii2-gii/src/controllers/DefaultController.php(61): yii\gii\generators\crud\Generator->generate()
#10 [internal function]: yii\gii\controllers\DefaultController->actionView('crud')
#11 /opt/lampp/htdocs/yii-prak1/vendor/yiisoft/yii2/base/InlineAction.php(57): call_user_func_array(Array, Array)
#12 /opt/lampp/htdocs/yii-prak1/vendor/yiisoft/yii2/base/Controller.php(157): yii\base\InlineAction->runWithParams(Array)
#13 /opt/lampp/htdocs/yii-prak1/vendor/yiisoft/yii2/base/Module.php(528): yii\base\Controller->runAction('view', Array)
#14 /opt/lampp/htdocs/yii-prak1/vendor/yiisoft/yii2/web/Application.php(103): yii\base\Module->runAction('gii/default/vie...', Array)
#15 /opt/lampp/htdocs/yii-prak1/vendor/yiisoft/yii2/base/Application.php(386): yii\web\Application->handleRequest(Object(yii\web\Request))
#16 /opt/lampp/htdocs/yii-prak1/web/index.php(12): yii\base\Application->run()
#17 {main}
2019-05-27 07:42:44 [127.0.0.1][-][6a6f4712d71293dd59a1517f48b00237][info][application] $_GET = [
    'r' => 'gii/default/view'
    'id' => 'crud'
]

$_POST = [
    '_csrf' => 'NRqOngl_q7Vcmsajg00c136ePXeltpquZNHkQbMD9iJbfPevZSbyh2zusOnQf2i_HewNFO_Oqsc14ddw-DufZQ=='
    'Generator' => [
        'modelClass' => 'app\\models\\Prodi'
        'searchModelClass' => 'app\\models\\PostSearch'
        'controllerClass' => 'app\\controllers\\PostController'
        'viewPath' => 'app/views/ControllerID'
        'baseControllerClass' => 'yii\\web\\Controller'
        'indexWidgetType' => 'grid'
        'enableI18N' => '0'
        'enablePjax' => '0'
        'messageCategory' => 'app'
        'template' => 'default'
    ]
    'preview' => ''
]

$_FILES = []

$_COOKIE = [
    'PHPSESSID' => '6a6f4712d71293dd59a1517f48b00237'
    '_csrf' => 'a2b6d4e1c4f71530155a58e4d444e3c6a1fb64c12352374c8b9efa1f1c61e3d6a:2:{i:0;s:5:\"_csrf\";i:1;s:32:\"nfy1lYY20tvJS2thcr0cJx0iQ031K8iG\";}'
]

$_SESSION = [
    '__flash' => []
]

$_SERVER = [
    'UNIQUE_ID' => 'XOt41FXw4PYLP5aQz1JxyQAAAAQ'
    'HTTP_HOST' => 'localhost'
    'HTTP_USER_AGENT' => 'Mozilla/5.0 (X11; Ubuntu; Linux x86_64; rv:67.0) Gecko/20100101 Firefox/67.0'
    'HTTP_ACCEPT' => 'text/html,application/xhtml+xml,application/xml;q=0.9,*/*;q=0.8'
    'HTTP_ACCEPT_LANGUAGE' => 'en-US,en;q=0.5'
    'HTTP_ACCEPT_ENCODING' => 'gzip, deflate'
    'HTTP_REFERER' => 'http://localhost/yii-prak1/web/index.php?r=gii%2Fdefault%2Fview&id=crud'
    'CONTENT_TYPE' => 'application/x-www-form-urlencoded'
    'CONTENT_LENGTH' => '546'
    'HTTP_CONNECTION' => 'keep-alive'
    'HTTP_COOKIE' => 'PHPSESSID=6a6f4712d71293dd59a1517f48b00237; _csrf=a2b6d4e1c4f71530155a58e4d444e3c6a1fb64c12352374c8b9efa1f1c61e3d6a%3A2%3A%7Bi%3A0%3Bs%3A5%3A%22_csrf%22%3Bi%3A1%3Bs%3A32%3A%22nfy1lYY20tvJS2thcr0cJx0iQ031K8iG%22%3B%7D'
    'HTTP_UPGRADE_INSECURE_REQUESTS' => '1'
    'PATH' => '/usr/local/sbin:/usr/local/bin:/usr/sbin:/usr/bin:/sbin:/bin'
    'LD_LIBRARY_PATH' => '/opt/lampp/lib:/opt/lampp/lib'
    'SERVER_SIGNATURE' => ''
    'SERVER_SOFTWARE' => 'Apache/2.4.34 (Unix) OpenSSL/1.0.2p PHP/7.2.10 mod_perl/2.0.8-dev Perl/v5.16.3'
    'SERVER_NAME' => 'localhost'
    'SERVER_ADDR' => '127.0.0.1'
    'SERVER_PORT' => '80'
    'REMOTE_ADDR' => '127.0.0.1'
    'DOCUMENT_ROOT' => '/opt/lampp/htdocs'
    'REQUEST_SCHEME' => 'http'
    'CONTEXT_PREFIX' => ''
    'CONTEXT_DOCUMENT_ROOT' => '/opt/lampp/htdocs'
    'SERVER_ADMIN' => 'you@example.com'
    'SCRIPT_FILENAME' => '/opt/lampp/htdocs/yii-prak1/web/index.php'
    'REMOTE_PORT' => '45208'
    'GATEWAY_INTERFACE' => 'CGI/1.1'
    'SERVER_PROTOCOL' => 'HTTP/1.1'
    'REQUEST_METHOD' => 'POST'
    'QUERY_STRING' => 'r=gii%2Fdefault%2Fview&id=crud'
    'REQUEST_URI' => '/yii-prak1/web/index.php?r=gii%2Fdefault%2Fview&id=crud'
    'SCRIPT_NAME' => '/yii-prak1/web/index.php'
    'PHP_SELF' => '/yii-prak1/web/index.php'
    'REQUEST_TIME_FLOAT' => 1558935764.11
    'REQUEST_TIME' => 1558935764
]
2019-05-27 07:43:38 [127.0.0.1][-][6a6f4712d71293dd59a1517f48b00237][error][Error] Error: Class 'app\models\Fakulta' not found in /opt/lampp/htdocs/yii-prak1/models/User.php:41
Stack trace:
#0 /opt/lampp/htdocs/yii-prak1/vendor/yiisoft/yii2/base/Model.php(464): app\models\User->rules()
#1 /opt/lampp/htdocs/yii-prak1/vendor/yiisoft/yii2/base/Model.php(420): yii\base\Model->createValidators()
#2 /opt/lampp/htdocs/yii-prak1/vendor/yiisoft/yii2/base/Model.php(189): yii\base\Model->getValidators()
#3 /opt/lampp/htdocs/yii-prak1/vendor/yiisoft/yii2/base/Model.php(795): yii\base\Model->scenarios()
#4 /opt/lampp/htdocs/yii-prak1/vendor/yiisoft/yii2-gii/src/generators/crud/default/views/_form.php(11): yii\base\Model->safeAttributes()
#5 /opt/lampp/htdocs/yii-prak1/vendor/yiisoft/yii2/base/View.php(348): require('/opt/lampp/htdo...')
#6 /opt/lampp/htdocs/yii-prak1/vendor/yiisoft/yii2/base/View.php(257): yii\base\View->renderPhpFile('/opt/lampp/htdo...', Array)
#7 /opt/lampp/htdocs/yii-prak1/vendor/yiisoft/yii2-gii/src/Generator.php(317): yii\base\View->renderFile('/opt/lampp/htdo...', Array, Object(yii\gii\generators\crud\Generator))
#8 /opt/lampp/htdocs/yii-prak1/vendor/yiisoft/yii2-gii/src/generators/crud/Generator.php(188): yii\gii\Generator->render('views/_form.php')
#9 /opt/lampp/htdocs/yii-prak1/vendor/yiisoft/yii2-gii/src/controllers/DefaultController.php(61): yii\gii\generators\crud\Generator->generate()
#10 [internal function]: yii\gii\controllers\DefaultController->actionView('crud')
#11 /opt/lampp/htdocs/yii-prak1/vendor/yiisoft/yii2/base/InlineAction.php(57): call_user_func_array(Array, Array)
#12 /opt/lampp/htdocs/yii-prak1/vendor/yiisoft/yii2/base/Controller.php(157): yii\base\InlineAction->runWithParams(Array)
#13 /opt/lampp/htdocs/yii-prak1/vendor/yiisoft/yii2/base/Module.php(528): yii\base\Controller->runAction('view', Array)
#14 /opt/lampp/htdocs/yii-prak1/vendor/yiisoft/yii2/web/Application.php(103): yii\base\Module->runAction('gii/default/vie...', Array)
#15 /opt/lampp/htdocs/yii-prak1/vendor/yiisoft/yii2/base/Application.php(386): yii\web\Application->handleRequest(Object(yii\web\Request))
#16 /opt/lampp/htdocs/yii-prak1/web/index.php(12): yii\base\Application->run()
#17 {main}
2019-05-27 07:43:38 [127.0.0.1][-][6a6f4712d71293dd59a1517f48b00237][info][application] $_GET = [
    'r' => 'gii/default/view'
    'id' => 'crud'
]

$_POST = [
    '_csrf' => '50nsbIDstilm65y33e4Tw_Y6VNlMdsF0TtRBPuD7gXyJL5Vd7LXvG1af6v2O3GerlUhkugYO8R0f5HIPq8PoOw=='
    'Generator' => [
        'modelClass' => 'app\\models\\User'
        'searchModelClass' => 'app\\models\\PostSearch'
        'controllerClass' => 'app\\controllers\\PostController'
        'viewPath' => 'app/views/ControllerID'
        'baseControllerClass' => 'yii\\web\\Controller'
        'indexWidgetType' => 'grid'
        'enableI18N' => '0'
        'enablePjax' => '0'
        'messageCategory' => 'app'
        'template' => 'default'
    ]
    'preview' => ''
]

$_FILES = []

$_COOKIE = [
    'PHPSESSID' => '6a6f4712d71293dd59a1517f48b00237'
    '_csrf' => 'a2b6d4e1c4f71530155a58e4d444e3c6a1fb64c12352374c8b9efa1f1c61e3d6a:2:{i:0;s:5:\"_csrf\";i:1;s:32:\"nfy1lYY20tvJS2thcr0cJx0iQ031K8iG\";}'
]

$_SESSION = [
    '__flash' => []
]

$_SERVER = [
    'UNIQUE_ID' => 'XOt5Ci4Q8CMNQevfWTnZMgAAAAM'
    'HTTP_HOST' => 'localhost'
    'HTTP_USER_AGENT' => 'Mozilla/5.0 (X11; Ubuntu; Linux x86_64; rv:67.0) Gecko/20100101 Firefox/67.0'
    'HTTP_ACCEPT' => 'text/html,application/xhtml+xml,application/xml;q=0.9,*/*;q=0.8'
    'HTTP_ACCEPT_LANGUAGE' => 'en-US,en;q=0.5'
    'HTTP_ACCEPT_ENCODING' => 'gzip, deflate'
    'HTTP_REFERER' => 'http://localhost/yii-prak1/web/index.php?r=gii%2Fdefault%2Fview&id=crud'
    'CONTENT_TYPE' => 'application/x-www-form-urlencoded'
    'CONTENT_LENGTH' => '545'
    'HTTP_CONNECTION' => 'keep-alive'
    'HTTP_COOKIE' => 'PHPSESSID=6a6f4712d71293dd59a1517f48b00237; _csrf=a2b6d4e1c4f71530155a58e4d444e3c6a1fb64c12352374c8b9efa1f1c61e3d6a%3A2%3A%7Bi%3A0%3Bs%3A5%3A%22_csrf%22%3Bi%3A1%3Bs%3A32%3A%22nfy1lYY20tvJS2thcr0cJx0iQ031K8iG%22%3B%7D'
    'HTTP_UPGRADE_INSECURE_REQUESTS' => '1'
    'PATH' => '/usr/local/sbin:/usr/local/bin:/usr/sbin:/usr/bin:/sbin:/bin'
    'LD_LIBRARY_PATH' => '/opt/lampp/lib:/opt/lampp/lib'
    'SERVER_SIGNATURE' => ''
    'SERVER_SOFTWARE' => 'Apache/2.4.34 (Unix) OpenSSL/1.0.2p PHP/7.2.10 mod_perl/2.0.8-dev Perl/v5.16.3'
    'SERVER_NAME' => 'localhost'
    'SERVER_ADDR' => '127.0.0.1'
    'SERVER_PORT' => '80'
    'REMOTE_ADDR' => '127.0.0.1'
    'DOCUMENT_ROOT' => '/opt/lampp/htdocs'
    'REQUEST_SCHEME' => 'http'
    'CONTEXT_PREFIX' => ''
    'CONTEXT_DOCUMENT_ROOT' => '/opt/lampp/htdocs'
    'SERVER_ADMIN' => 'you@example.com'
    'SCRIPT_FILENAME' => '/opt/lampp/htdocs/yii-prak1/web/index.php'
    'REMOTE_PORT' => '45232'
    'GATEWAY_INTERFACE' => 'CGI/1.1'
    'SERVER_PROTOCOL' => 'HTTP/1.1'
    'REQUEST_METHOD' => 'POST'
    'QUERY_STRING' => 'r=gii%2Fdefault%2Fview&id=crud'
    'REQUEST_URI' => '/yii-prak1/web/index.php?r=gii%2Fdefault%2Fview&id=crud'
    'SCRIPT_NAME' => '/yii-prak1/web/index.php'
    'PHP_SELF' => '/yii-prak1/web/index.php'
    'REQUEST_TIME_FLOAT' => 1558935818.75
    'REQUEST_TIME' => 1558935818
]
2019-05-27 07:51:27 [127.0.0.1][-][6a6f4712d71293dd59a1517f48b00237][error][yii\web\HttpException:404] yii\base\InvalidRouteException: Unable to resolve the request "crud". in /opt/lampp/htdocs/yii-prak1/vendor/yiisoft/yii2/base/Module.php:537
Stack trace:
#0 /opt/lampp/htdocs/yii-prak1/vendor/yiisoft/yii2/web/Application.php(103): yii\base\Module->runAction('crud', Array)
#1 /opt/lampp/htdocs/yii-prak1/vendor/yiisoft/yii2/base/Application.php(386): yii\web\Application->handleRequest(Object(yii\web\Request))
#2 /opt/lampp/htdocs/yii-prak1/web/index.php(12): yii\base\Application->run()
#3 {main}

Next yii\web\NotFoundHttpException: Page not found. in /opt/lampp/htdocs/yii-prak1/vendor/yiisoft/yii2/web/Application.php:115
Stack trace:
#0 /opt/lampp/htdocs/yii-prak1/vendor/yiisoft/yii2/base/Application.php(386): yii\web\Application->handleRequest(Object(yii\web\Request))
#1 /opt/lampp/htdocs/yii-prak1/web/index.php(12): yii\base\Application->run()
#2 {main}
2019-05-27 07:51:27 [127.0.0.1][-][6a6f4712d71293dd59a1517f48b00237][info][application] $_GET = [
    'r' => 'crud'
]

$_POST = []

$_FILES = []

$_COOKIE = [
    'PHPSESSID' => '6a6f4712d71293dd59a1517f48b00237'
    '_csrf' => 'a2b6d4e1c4f71530155a58e4d444e3c6a1fb64c12352374c8b9efa1f1c61e3d6a:2:{i:0;s:5:\"_csrf\";i:1;s:32:\"nfy1lYY20tvJS2thcr0cJx0iQ031K8iG\";}'
]

$_SESSION = [
    '__flash' => []
]

$_SERVER = [
    'UNIQUE_ID' => 'XOt638k3ltM4d0jSbYSY-gAAAAg'
    'HTTP_HOST' => 'localhost'
    'HTTP_USER_AGENT' => 'Mozilla/5.0 (X11; Ubuntu; Linux x86_64; rv:67.0) Gecko/20100101 Firefox/67.0'
    'HTTP_ACCEPT' => 'text/html,application/xhtml+xml,application/xml;q=0.9,*/*;q=0.8'
    'HTTP_ACCEPT_LANGUAGE' => 'en-US,en;q=0.5'
    'HTTP_ACCEPT_ENCODING' => 'gzip, deflate'
    'HTTP_CONNECTION' => 'keep-alive'
    'HTTP_COOKIE' => 'PHPSESSID=6a6f4712d71293dd59a1517f48b00237; _csrf=a2b6d4e1c4f71530155a58e4d444e3c6a1fb64c12352374c8b9efa1f1c61e3d6a%3A2%3A%7Bi%3A0%3Bs%3A5%3A%22_csrf%22%3Bi%3A1%3Bs%3A32%3A%22nfy1lYY20tvJS2thcr0cJx0iQ031K8iG%22%3B%7D'
    'HTTP_UPGRADE_INSECURE_REQUESTS' => '1'
    'PATH' => '/usr/local/sbin:/usr/local/bin:/usr/sbin:/usr/bin:/sbin:/bin'
    'LD_LIBRARY_PATH' => '/opt/lampp/lib:/opt/lampp/lib'
    'SERVER_SIGNATURE' => ''
    'SERVER_SOFTWARE' => 'Apache/2.4.34 (Unix) OpenSSL/1.0.2p PHP/7.2.10 mod_perl/2.0.8-dev Perl/v5.16.3'
    'SERVER_NAME' => 'localhost'
    'SERVER_ADDR' => '127.0.0.1'
    'SERVER_PORT' => '80'
    'REMOTE_ADDR' => '127.0.0.1'
    'DOCUMENT_ROOT' => '/opt/lampp/htdocs'
    'REQUEST_SCHEME' => 'http'
    'CONTEXT_PREFIX' => ''
    'CONTEXT_DOCUMENT_ROOT' => '/opt/lampp/htdocs'
    'SERVER_ADMIN' => 'you@example.com'
    'SCRIPT_FILENAME' => '/opt/lampp/htdocs/yii-prak1/web/index.php'
    'REMOTE_PORT' => '45288'
    'GATEWAY_INTERFACE' => 'CGI/1.1'
    'SERVER_PROTOCOL' => 'HTTP/1.1'
    'REQUEST_METHOD' => 'GET'
    'QUERY_STRING' => 'r=crud'
    'REQUEST_URI' => '/yii-prak1/web/index.php?r=crud'
    'SCRIPT_NAME' => '/yii-prak1/web/index.php'
    'PHP_SELF' => '/yii-prak1/web/index.php'
    'REQUEST_TIME_FLOAT' => 1558936287.855
    'REQUEST_TIME' => 1558936287
]
2019-05-27 07:51:56 [127.0.0.1][-][6a6f4712d71293dd59a1517f48b00237][error][yii\web\HttpException:404] yii\base\InvalidRouteException: Unable to resolve the request "fakultas". in /opt/lampp/htdocs/yii-prak1/vendor/yiisoft/yii2/base/Module.php:537
Stack trace:
#0 /opt/lampp/htdocs/yii-prak1/vendor/yiisoft/yii2/web/Application.php(103): yii\base\Module->runAction('fakultas', Array)
#1 /opt/lampp/htdocs/yii-prak1/vendor/yiisoft/yii2/base/Application.php(386): yii\web\Application->handleRequest(Object(yii\web\Request))
#2 /opt/lampp/htdocs/yii-prak1/web/index.php(12): yii\base\Application->run()
#3 {main}

Next yii\web\NotFoundHttpException: Page not found. in /opt/lampp/htdocs/yii-prak1/vendor/yiisoft/yii2/web/Application.php:115
Stack trace:
#0 /opt/lampp/htdocs/yii-prak1/vendor/yiisoft/yii2/base/Application.php(386): yii\web\Application->handleRequest(Object(yii\web\Request))
#1 /opt/lampp/htdocs/yii-prak1/web/index.php(12): yii\base\Application->run()
#2 {main}
2019-05-27 07:51:56 [127.0.0.1][-][6a6f4712d71293dd59a1517f48b00237][info][application] $_GET = [
    'r' => 'fakultas'
]

$_POST = []

$_FILES = []

$_COOKIE = [
    'PHPSESSID' => '6a6f4712d71293dd59a1517f48b00237'
    '_csrf' => 'a2b6d4e1c4f71530155a58e4d444e3c6a1fb64c12352374c8b9efa1f1c61e3d6a:2:{i:0;s:5:\"_csrf\";i:1;s:32:\"nfy1lYY20tvJS2thcr0cJx0iQ031K8iG\";}'
]

$_SESSION = [
    '__flash' => []
]

$_SERVER = [
    'UNIQUE_ID' => 'XOt6-FXw4PYLP5aQz1JxywAAAAQ'
    'HTTP_HOST' => 'localhost'
    'HTTP_USER_AGENT' => 'Mozilla/5.0 (X11; Ubuntu; Linux x86_64; rv:67.0) Gecko/20100101 Firefox/67.0'
    'HTTP_ACCEPT' => 'text/html,application/xhtml+xml,application/xml;q=0.9,*/*;q=0.8'
    'HTTP_ACCEPT_LANGUAGE' => 'en-US,en;q=0.5'
    'HTTP_ACCEPT_ENCODING' => 'gzip, deflate'
    'HTTP_CONNECTION' => 'keep-alive'
    'HTTP_COOKIE' => 'PHPSESSID=6a6f4712d71293dd59a1517f48b00237; _csrf=a2b6d4e1c4f71530155a58e4d444e3c6a1fb64c12352374c8b9efa1f1c61e3d6a%3A2%3A%7Bi%3A0%3Bs%3A5%3A%22_csrf%22%3Bi%3A1%3Bs%3A32%3A%22nfy1lYY20tvJS2thcr0cJx0iQ031K8iG%22%3B%7D'
    'HTTP_UPGRADE_INSECURE_REQUESTS' => '1'
    'PATH' => '/usr/local/sbin:/usr/local/bin:/usr/sbin:/usr/bin:/sbin:/bin'
    'LD_LIBRARY_PATH' => '/opt/lampp/lib:/opt/lampp/lib'
    'SERVER_SIGNATURE' => ''
    'SERVER_SOFTWARE' => 'Apache/2.4.34 (Unix) OpenSSL/1.0.2p PHP/7.2.10 mod_perl/2.0.8-dev Perl/v5.16.3'
    'SERVER_NAME' => 'localhost'
    'SERVER_ADDR' => '127.0.0.1'
    'SERVER_PORT' => '80'
    'REMOTE_ADDR' => '127.0.0.1'
    'DOCUMENT_ROOT' => '/opt/lampp/htdocs'
    'REQUEST_SCHEME' => 'http'
    'CONTEXT_PREFIX' => ''
    'CONTEXT_DOCUMENT_ROOT' => '/opt/lampp/htdocs'
    'SERVER_ADMIN' => 'you@example.com'
    'SCRIPT_FILENAME' => '/opt/lampp/htdocs/yii-prak1/web/index.php'
    'REMOTE_PORT' => '45292'
    'GATEWAY_INTERFACE' => 'CGI/1.1'
    'SERVER_PROTOCOL' => 'HTTP/1.1'
    'REQUEST_METHOD' => 'GET'
    'QUERY_STRING' => 'r=fakultas'
    'REQUEST_URI' => '/yii-prak1/web/index.php?r=fakultas'
    'SCRIPT_NAME' => '/yii-prak1/web/index.php'
    'PHP_SELF' => '/yii-prak1/web/index.php'
    'REQUEST_TIME_FLOAT' => 1558936316.662
    'REQUEST_TIME' => 1558936316
]
2019-05-27 07:52:00 [127.0.0.1][-][6a6f4712d71293dd59a1517f48b00237][error][yii\web\HttpException:404] yii\base\InvalidRouteException: Unable to resolve the request "prodi". in /opt/lampp/htdocs/yii-prak1/vendor/yiisoft/yii2/base/Module.php:537
Stack trace:
#0 /opt/lampp/htdocs/yii-prak1/vendor/yiisoft/yii2/web/Application.php(103): yii\base\Module->runAction('prodi', Array)
#1 /opt/lampp/htdocs/yii-prak1/vendor/yiisoft/yii2/base/Application.php(386): yii\web\Application->handleRequest(Object(yii\web\Request))
#2 /opt/lampp/htdocs/yii-prak1/web/index.php(12): yii\base\Application->run()
#3 {main}

Next yii\web\NotFoundHttpException: Page not found. in /opt/lampp/htdocs/yii-prak1/vendor/yiisoft/yii2/web/Application.php:115
Stack trace:
#0 /opt/lampp/htdocs/yii-prak1/vendor/yiisoft/yii2/base/Application.php(386): yii\web\Application->handleRequest(Object(yii\web\Request))
#1 /opt/lampp/htdocs/yii-prak1/web/index.php(12): yii\base\Application->run()
#2 {main}
2019-05-27 07:52:00 [127.0.0.1][-][6a6f4712d71293dd59a1517f48b00237][info][application] $_GET = [
    'r' => 'prodi'
]

$_POST = []

$_FILES = []

$_COOKIE = [
    'PHPSESSID' => '6a6f4712d71293dd59a1517f48b00237'
    '_csrf' => 'a2b6d4e1c4f71530155a58e4d444e3c6a1fb64c12352374c8b9efa1f1c61e3d6a:2:{i:0;s:5:\"_csrf\";i:1;s:32:\"nfy1lYY20tvJS2thcr0cJx0iQ031K8iG\";}'
]

$_SESSION = [
    '__flash' => []
]

$_SERVER = [
    'UNIQUE_ID' => 'XOt7AFXw4PYLP5aQz1JxzgAAAAQ'
    'HTTP_HOST' => 'localhost'
    'HTTP_USER_AGENT' => 'Mozilla/5.0 (X11; Ubuntu; Linux x86_64; rv:67.0) Gecko/20100101 Firefox/67.0'
    'HTTP_ACCEPT' => 'text/html,application/xhtml+xml,application/xml;q=0.9,*/*;q=0.8'
    'HTTP_ACCEPT_LANGUAGE' => 'en-US,en;q=0.5'
    'HTTP_ACCEPT_ENCODING' => 'gzip, deflate'
    'HTTP_CONNECTION' => 'keep-alive'
    'HTTP_COOKIE' => 'PHPSESSID=6a6f4712d71293dd59a1517f48b00237; _csrf=a2b6d4e1c4f71530155a58e4d444e3c6a1fb64c12352374c8b9efa1f1c61e3d6a%3A2%3A%7Bi%3A0%3Bs%3A5%3A%22_csrf%22%3Bi%3A1%3Bs%3A32%3A%22nfy1lYY20tvJS2thcr0cJx0iQ031K8iG%22%3B%7D'
    'HTTP_UPGRADE_INSECURE_REQUESTS' => '1'
    'PATH' => '/usr/local/sbin:/usr/local/bin:/usr/sbin:/usr/bin:/sbin:/bin'
    'LD_LIBRARY_PATH' => '/opt/lampp/lib:/opt/lampp/lib'
    'SERVER_SIGNATURE' => ''
    'SERVER_SOFTWARE' => 'Apache/2.4.34 (Unix) OpenSSL/1.0.2p PHP/7.2.10 mod_perl/2.0.8-dev Perl/v5.16.3'
    'SERVER_NAME' => 'localhost'
    'SERVER_ADDR' => '127.0.0.1'
    'SERVER_PORT' => '80'
    'REMOTE_ADDR' => '127.0.0.1'
    'DOCUMENT_ROOT' => '/opt/lampp/htdocs'
    'REQUEST_SCHEME' => 'http'
    'CONTEXT_PREFIX' => ''
    'CONTEXT_DOCUMENT_ROOT' => '/opt/lampp/htdocs'
    'SERVER_ADMIN' => 'you@example.com'
    'SCRIPT_FILENAME' => '/opt/lampp/htdocs/yii-prak1/web/index.php'
    'REMOTE_PORT' => '45292'
    'GATEWAY_INTERFACE' => 'CGI/1.1'
    'SERVER_PROTOCOL' => 'HTTP/1.1'
    'REQUEST_METHOD' => 'GET'
    'QUERY_STRING' => 'r=prodi'
    'REQUEST_URI' => '/yii-prak1/web/index.php?r=prodi'
    'SCRIPT_NAME' => '/yii-prak1/web/index.php'
    'PHP_SELF' => '/yii-prak1/web/index.php'
    'REQUEST_TIME_FLOAT' => 1558936320.028
    'REQUEST_TIME' => 1558936320
]
2019-05-27 07:52:03 [127.0.0.1][-][6a6f4712d71293dd59a1517f48b00237][error][yii\web\HttpException:404] yii\base\InvalidRouteException: Unable to resolve the request "user". in /opt/lampp/htdocs/yii-prak1/vendor/yiisoft/yii2/base/Module.php:537
Stack trace:
#0 /opt/lampp/htdocs/yii-prak1/vendor/yiisoft/yii2/web/Application.php(103): yii\base\Module->runAction('user', Array)
#1 /opt/lampp/htdocs/yii-prak1/vendor/yiisoft/yii2/base/Application.php(386): yii\web\Application->handleRequest(Object(yii\web\Request))
#2 /opt/lampp/htdocs/yii-prak1/web/index.php(12): yii\base\Application->run()
#3 {main}

Next yii\web\NotFoundHttpException: Page not found. in /opt/lampp/htdocs/yii-prak1/vendor/yiisoft/yii2/web/Application.php:115
Stack trace:
#0 /opt/lampp/htdocs/yii-prak1/vendor/yiisoft/yii2/base/Application.php(386): yii\web\Application->handleRequest(Object(yii\web\Request))
#1 /opt/lampp/htdocs/yii-prak1/web/index.php(12): yii\base\Application->run()
#2 {main}
2019-05-27 07:52:03 [127.0.0.1][-][6a6f4712d71293dd59a1517f48b00237][info][application] $_GET = [
    'r' => 'user'
]

$_POST = []

$_FILES = []

$_COOKIE = [
    'PHPSESSID' => '6a6f4712d71293dd59a1517f48b00237'
    '_csrf' => 'a2b6d4e1c4f71530155a58e4d444e3c6a1fb64c12352374c8b9efa1f1c61e3d6a:2:{i:0;s:5:\"_csrf\";i:1;s:32:\"nfy1lYY20tvJS2thcr0cJx0iQ031K8iG\";}'
]

$_SESSION = [
    '__flash' => []
]

$_SERVER = [
    'UNIQUE_ID' => 'XOt7A1Xw4PYLP5aQz1Jx0AAAAAQ'
    'HTTP_HOST' => 'localhost'
    'HTTP_USER_AGENT' => 'Mozilla/5.0 (X11; Ubuntu; Linux x86_64; rv:67.0) Gecko/20100101 Firefox/67.0'
    'HTTP_ACCEPT' => 'text/html,application/xhtml+xml,application/xml;q=0.9,*/*;q=0.8'
    'HTTP_ACCEPT_LANGUAGE' => 'en-US,en;q=0.5'
    'HTTP_ACCEPT_ENCODING' => 'gzip, deflate'
    'HTTP_CONNECTION' => 'keep-alive'
    'HTTP_COOKIE' => 'PHPSESSID=6a6f4712d71293dd59a1517f48b00237; _csrf=a2b6d4e1c4f71530155a58e4d444e3c6a1fb64c12352374c8b9efa1f1c61e3d6a%3A2%3A%7Bi%3A0%3Bs%3A5%3A%22_csrf%22%3Bi%3A1%3Bs%3A32%3A%22nfy1lYY20tvJS2thcr0cJx0iQ031K8iG%22%3B%7D'
    'HTTP_UPGRADE_INSECURE_REQUESTS' => '1'
    'PATH' => '/usr/local/sbin:/usr/local/bin:/usr/sbin:/usr/bin:/sbin:/bin'
    'LD_LIBRARY_PATH' => '/opt/lampp/lib:/opt/lampp/lib'
    'SERVER_SIGNATURE' => ''
    'SERVER_SOFTWARE' => 'Apache/2.4.34 (Unix) OpenSSL/1.0.2p PHP/7.2.10 mod_perl/2.0.8-dev Perl/v5.16.3'
    'SERVER_NAME' => 'localhost'
    'SERVER_ADDR' => '127.0.0.1'
    'SERVER_PORT' => '80'
    'REMOTE_ADDR' => '127.0.0.1'
    'DOCUMENT_ROOT' => '/opt/lampp/htdocs'
    'REQUEST_SCHEME' => 'http'
    'CONTEXT_PREFIX' => ''
    'CONTEXT_DOCUMENT_ROOT' => '/opt/lampp/htdocs'
    'SERVER_ADMIN' => 'you@example.com'
    'SCRIPT_FILENAME' => '/opt/lampp/htdocs/yii-prak1/web/index.php'
    'REMOTE_PORT' => '45292'
    'GATEWAY_INTERFACE' => 'CGI/1.1'
    'SERVER_PROTOCOL' => 'HTTP/1.1'
    'REQUEST_METHOD' => 'GET'
    'QUERY_STRING' => 'r=user'
    'REQUEST_URI' => '/yii-prak1/web/index.php?r=user'
    'SCRIPT_NAME' => '/yii-prak1/web/index.php'
    'PHP_SELF' => '/yii-prak1/web/index.php'
    'REQUEST_TIME_FLOAT' => 1558936323.225
    'REQUEST_TIME' => 1558936323
]
2019-05-27 07:52:06 [127.0.0.1][-][6a6f4712d71293dd59a1517f48b00237][error][yii\web\HttpException:404] yii\base\InvalidRouteException: Unable to resolve the request "User". in /opt/lampp/htdocs/yii-prak1/vendor/yiisoft/yii2/base/Module.php:537
Stack trace:
#0 /opt/lampp/htdocs/yii-prak1/vendor/yiisoft/yii2/web/Application.php(103): yii\base\Module->runAction('User', Array)
#1 /opt/lampp/htdocs/yii-prak1/vendor/yiisoft/yii2/base/Application.php(386): yii\web\Application->handleRequest(Object(yii\web\Request))
#2 /opt/lampp/htdocs/yii-prak1/web/index.php(12): yii\base\Application->run()
#3 {main}

Next yii\web\NotFoundHttpException: Page not found. in /opt/lampp/htdocs/yii-prak1/vendor/yiisoft/yii2/web/Application.php:115
Stack trace:
#0 /opt/lampp/htdocs/yii-prak1/vendor/yiisoft/yii2/base/Application.php(386): yii\web\Application->handleRequest(Object(yii\web\Request))
#1 /opt/lampp/htdocs/yii-prak1/web/index.php(12): yii\base\Application->run()
#2 {main}
2019-05-27 07:52:06 [127.0.0.1][-][6a6f4712d71293dd59a1517f48b00237][info][application] $_GET = [
    'r' => 'User'
]

$_POST = []

$_FILES = []

$_COOKIE = [
    'PHPSESSID' => '6a6f4712d71293dd59a1517f48b00237'
    '_csrf' => 'a2b6d4e1c4f71530155a58e4d444e3c6a1fb64c12352374c8b9efa1f1c61e3d6a:2:{i:0;s:5:\"_csrf\";i:1;s:32:\"nfy1lYY20tvJS2thcr0cJx0iQ031K8iG\";}'
]

$_SESSION = [
    '__flash' => []
]

$_SERVER = [
    'UNIQUE_ID' => 'XOt7BlXw4PYLP5aQz1Jx0gAAAAQ'
    'HTTP_HOST' => 'localhost'
    'HTTP_USER_AGENT' => 'Mozilla/5.0 (X11; Ubuntu; Linux x86_64; rv:67.0) Gecko/20100101 Firefox/67.0'
    'HTTP_ACCEPT' => 'text/html,application/xhtml+xml,application/xml;q=0.9,*/*;q=0.8'
    'HTTP_ACCEPT_LANGUAGE' => 'en-US,en;q=0.5'
    'HTTP_ACCEPT_ENCODING' => 'gzip, deflate'
    'HTTP_CONNECTION' => 'keep-alive'
    'HTTP_COOKIE' => 'PHPSESSID=6a6f4712d71293dd59a1517f48b00237; _csrf=a2b6d4e1c4f71530155a58e4d444e3c6a1fb64c12352374c8b9efa1f1c61e3d6a%3A2%3A%7Bi%3A0%3Bs%3A5%3A%22_csrf%22%3Bi%3A1%3Bs%3A32%3A%22nfy1lYY20tvJS2thcr0cJx0iQ031K8iG%22%3B%7D'
    'HTTP_UPGRADE_INSECURE_REQUESTS' => '1'
    'PATH' => '/usr/local/sbin:/usr/local/bin:/usr/sbin:/usr/bin:/sbin:/bin'
    'LD_LIBRARY_PATH' => '/opt/lampp/lib:/opt/lampp/lib'
    'SERVER_SIGNATURE' => ''
    'SERVER_SOFTWARE' => 'Apache/2.4.34 (Unix) OpenSSL/1.0.2p PHP/7.2.10 mod_perl/2.0.8-dev Perl/v5.16.3'
    'SERVER_NAME' => 'localhost'
    'SERVER_ADDR' => '127.0.0.1'
    'SERVER_PORT' => '80'
    'REMOTE_ADDR' => '127.0.0.1'
    'DOCUMENT_ROOT' => '/opt/lampp/htdocs'
    'REQUEST_SCHEME' => 'http'
    'CONTEXT_PREFIX' => ''
    'CONTEXT_DOCUMENT_ROOT' => '/opt/lampp/htdocs'
    'SERVER_ADMIN' => 'you@example.com'
    'SCRIPT_FILENAME' => '/opt/lampp/htdocs/yii-prak1/web/index.php'
    'REMOTE_PORT' => '45292'
    'GATEWAY_INTERFACE' => 'CGI/1.1'
    'SERVER_PROTOCOL' => 'HTTP/1.1'
    'REQUEST_METHOD' => 'GET'
    'QUERY_STRING' => 'r=User'
    'REQUEST_URI' => '/yii-prak1/web/index.php?r=User'
    'SCRIPT_NAME' => '/yii-prak1/web/index.php'
    'PHP_SELF' => '/yii-prak1/web/index.php'
    'REQUEST_TIME_FLOAT' => 1558936326.107
    'REQUEST_TIME' => 1558936326
]
2019-05-27 07:52:38 [127.0.0.1][-][6a6f4712d71293dd59a1517f48b00237][error][yii\web\HttpException:404] yii\base\InvalidRouteException: Unable to resolve the request "User". in /opt/lampp/htdocs/yii-prak1/vendor/yiisoft/yii2/base/Module.php:537
Stack trace:
#0 /opt/lampp/htdocs/yii-prak1/vendor/yiisoft/yii2/web/Application.php(103): yii\base\Module->runAction('User', Array)
#1 /opt/lampp/htdocs/yii-prak1/vendor/yiisoft/yii2/base/Application.php(386): yii\web\Application->handleRequest(Object(yii\web\Request))
#2 /opt/lampp/htdocs/yii-prak1/web/index.php(12): yii\base\Application->run()
#3 {main}

Next yii\web\NotFoundHttpException: Page not found. in /opt/lampp/htdocs/yii-prak1/vendor/yiisoft/yii2/web/Application.php:115
Stack trace:
#0 /opt/lampp/htdocs/yii-prak1/vendor/yiisoft/yii2/base/Application.php(386): yii\web\Application->handleRequest(Object(yii\web\Request))
#1 /opt/lampp/htdocs/yii-prak1/web/index.php(12): yii\base\Application->run()
#2 {main}
2019-05-27 07:52:38 [127.0.0.1][-][6a6f4712d71293dd59a1517f48b00237][info][application] $_GET = [
    'r' => 'User'
]

$_POST = []

$_FILES = []

$_COOKIE = [
    'PHPSESSID' => '6a6f4712d71293dd59a1517f48b00237'
    '_csrf' => 'a2b6d4e1c4f71530155a58e4d444e3c6a1fb64c12352374c8b9efa1f1c61e3d6a:2:{i:0;s:5:\"_csrf\";i:1;s:32:\"nfy1lYY20tvJS2thcr0cJx0iQ031K8iG\";}'
]

$_SESSION = [
    '__flash' => []
]

$_SERVER = [
    'UNIQUE_ID' => 'XOt7JgcIcCNb6illfLL@mAAAAAY'
    'HTTP_HOST' => 'localhost'
    'HTTP_USER_AGENT' => 'Mozilla/5.0 (X11; Ubuntu; Linux x86_64; rv:67.0) Gecko/20100101 Firefox/67.0'
    'HTTP_ACCEPT' => 'text/html,application/xhtml+xml,application/xml;q=0.9,*/*;q=0.8'
    'HTTP_ACCEPT_LANGUAGE' => 'en-US,en;q=0.5'
    'HTTP_ACCEPT_ENCODING' => 'gzip, deflate'
    'HTTP_CONNECTION' => 'keep-alive'
    'HTTP_COOKIE' => 'PHPSESSID=6a6f4712d71293dd59a1517f48b00237; _csrf=a2b6d4e1c4f71530155a58e4d444e3c6a1fb64c12352374c8b9efa1f1c61e3d6a%3A2%3A%7Bi%3A0%3Bs%3A5%3A%22_csrf%22%3Bi%3A1%3Bs%3A32%3A%22nfy1lYY20tvJS2thcr0cJx0iQ031K8iG%22%3B%7D'
    'HTTP_UPGRADE_INSECURE_REQUESTS' => '1'
    'PATH' => '/usr/local/sbin:/usr/local/bin:/usr/sbin:/usr/bin:/sbin:/bin'
    'LD_LIBRARY_PATH' => '/opt/lampp/lib:/opt/lampp/lib'
    'SERVER_SIGNATURE' => ''
    'SERVER_SOFTWARE' => 'Apache/2.4.34 (Unix) OpenSSL/1.0.2p PHP/7.2.10 mod_perl/2.0.8-dev Perl/v5.16.3'
    'SERVER_NAME' => 'localhost'
    'SERVER_ADDR' => '127.0.0.1'
    'SERVER_PORT' => '80'
    'REMOTE_ADDR' => '127.0.0.1'
    'DOCUMENT_ROOT' => '/opt/lampp/htdocs'
    'REQUEST_SCHEME' => 'http'
    'CONTEXT_PREFIX' => ''
    'CONTEXT_DOCUMENT_ROOT' => '/opt/lampp/htdocs'
    'SERVER_ADMIN' => 'you@example.com'
    'SCRIPT_FILENAME' => '/opt/lampp/htdocs/yii-prak1/web/index.php'
    'REMOTE_PORT' => '45298'
    'GATEWAY_INTERFACE' => 'CGI/1.1'
    'SERVER_PROTOCOL' => 'HTTP/1.1'
    'REQUEST_METHOD' => 'GET'
    'QUERY_STRING' => 'r=User'
    'REQUEST_URI' => '/yii-prak1/web/index.php?r=User'
    'SCRIPT_NAME' => '/yii-prak1/web/index.php'
    'PHP_SELF' => '/yii-prak1/web/index.php'
    'REQUEST_TIME_FLOAT' => 1558936358.542
    'REQUEST_TIME' => 1558936358
]
2019-05-27 07:52:44 [127.0.0.1][-][6a6f4712d71293dd59a1517f48b00237][error][yii\web\HttpException:404] yii\base\InvalidRouteException: Unable to resolve the request "fakultas". in /opt/lampp/htdocs/yii-prak1/vendor/yiisoft/yii2/base/Module.php:537
Stack trace:
#0 /opt/lampp/htdocs/yii-prak1/vendor/yiisoft/yii2/web/Application.php(103): yii\base\Module->runAction('fakultas', Array)
#1 /opt/lampp/htdocs/yii-prak1/vendor/yiisoft/yii2/base/Application.php(386): yii\web\Application->handleRequest(Object(yii\web\Request))
#2 /opt/lampp/htdocs/yii-prak1/web/index.php(12): yii\base\Application->run()
#3 {main}

Next yii\web\NotFoundHttpException: Page not found. in /opt/lampp/htdocs/yii-prak1/vendor/yiisoft/yii2/web/Application.php:115
Stack trace:
#0 /opt/lampp/htdocs/yii-prak1/vendor/yiisoft/yii2/base/Application.php(386): yii\web\Application->handleRequest(Object(yii\web\Request))
#1 /opt/lampp/htdocs/yii-prak1/web/index.php(12): yii\base\Application->run()
#2 {main}
2019-05-27 07:52:44 [127.0.0.1][-][6a6f4712d71293dd59a1517f48b00237][info][application] $_GET = [
    'r' => 'fakultas'
]

$_POST = []

$_FILES = []

$_COOKIE = [
    'PHPSESSID' => '6a6f4712d71293dd59a1517f48b00237'
    '_csrf' => 'a2b6d4e1c4f71530155a58e4d444e3c6a1fb64c12352374c8b9efa1f1c61e3d6a:2:{i:0;s:5:\"_csrf\";i:1;s:32:\"nfy1lYY20tvJS2thcr0cJx0iQ031K8iG\";}'
]

$_SESSION = [
    '__flash' => []
]

$_SERVER = [
    'UNIQUE_ID' => 'XOt7LN5zBuvq2HP0ZXzPvQAAAAc'
    'HTTP_HOST' => 'localhost'
    'HTTP_USER_AGENT' => 'Mozilla/5.0 (X11; Ubuntu; Linux x86_64; rv:67.0) Gecko/20100101 Firefox/67.0'
    'HTTP_ACCEPT' => 'text/html,application/xhtml+xml,application/xml;q=0.9,*/*;q=0.8'
    'HTTP_ACCEPT_LANGUAGE' => 'en-US,en;q=0.5'
    'HTTP_ACCEPT_ENCODING' => 'gzip, deflate'
    'HTTP_CONNECTION' => 'keep-alive'
    'HTTP_COOKIE' => 'PHPSESSID=6a6f4712d71293dd59a1517f48b00237; _csrf=a2b6d4e1c4f71530155a58e4d444e3c6a1fb64c12352374c8b9efa1f1c61e3d6a%3A2%3A%7Bi%3A0%3Bs%3A5%3A%22_csrf%22%3Bi%3A1%3Bs%3A32%3A%22nfy1lYY20tvJS2thcr0cJx0iQ031K8iG%22%3B%7D'
    'HTTP_UPGRADE_INSECURE_REQUESTS' => '1'
    'PATH' => '/usr/local/sbin:/usr/local/bin:/usr/sbin:/usr/bin:/sbin:/bin'
    'LD_LIBRARY_PATH' => '/opt/lampp/lib:/opt/lampp/lib'
    'SERVER_SIGNATURE' => ''
    'SERVER_SOFTWARE' => 'Apache/2.4.34 (Unix) OpenSSL/1.0.2p PHP/7.2.10 mod_perl/2.0.8-dev Perl/v5.16.3'
    'SERVER_NAME' => 'localhost'
    'SERVER_ADDR' => '127.0.0.1'
    'SERVER_PORT' => '80'
    'REMOTE_ADDR' => '127.0.0.1'
    'DOCUMENT_ROOT' => '/opt/lampp/htdocs'
    'REQUEST_SCHEME' => 'http'
    'CONTEXT_PREFIX' => ''
    'CONTEXT_DOCUMENT_ROOT' => '/opt/lampp/htdocs'
    'SERVER_ADMIN' => 'you@example.com'
    'SCRIPT_FILENAME' => '/opt/lampp/htdocs/yii-prak1/web/index.php'
    'REMOTE_PORT' => '45300'
    'GATEWAY_INTERFACE' => 'CGI/1.1'
    'SERVER_PROTOCOL' => 'HTTP/1.1'
    'REQUEST_METHOD' => 'GET'
    'QUERY_STRING' => 'r=fakultas'
    'REQUEST_URI' => '/yii-prak1/web/index.php?r=fakultas'
    'SCRIPT_NAME' => '/yii-prak1/web/index.php'
    'PHP_SELF' => '/yii-prak1/web/index.php'
    'REQUEST_TIME_FLOAT' => 1558936364.296
    'REQUEST_TIME' => 1558936364
]
2019-05-27 07:54:28 [127.0.0.1][-][6a6f4712d71293dd59a1517f48b00237][error][yii\web\HttpException:404] yii\base\InvalidRouteException: Unable to resolve the request "fakultas". in /opt/lampp/htdocs/yii-prak1/vendor/yiisoft/yii2/base/Module.php:537
Stack trace:
#0 /opt/lampp/htdocs/yii-prak1/vendor/yiisoft/yii2/web/Application.php(103): yii\base\Module->runAction('fakultas', Array)
#1 /opt/lampp/htdocs/yii-prak1/vendor/yiisoft/yii2/base/Application.php(386): yii\web\Application->handleRequest(Object(yii\web\Request))
#2 /opt/lampp/htdocs/yii-prak1/web/index.php(12): yii\base\Application->run()
#3 {main}

Next yii\web\NotFoundHttpException: Page not found. in /opt/lampp/htdocs/yii-prak1/vendor/yiisoft/yii2/web/Application.php:115
Stack trace:
#0 /opt/lampp/htdocs/yii-prak1/vendor/yiisoft/yii2/base/Application.php(386): yii\web\Application->handleRequest(Object(yii\web\Request))
#1 /opt/lampp/htdocs/yii-prak1/web/index.php(12): yii\base\Application->run()
#2 {main}
2019-05-27 07:54:28 [127.0.0.1][-][6a6f4712d71293dd59a1517f48b00237][info][application] $_GET = [
    'r' => 'fakultas'
]

$_POST = []

$_FILES = []

$_COOKIE = [
    'PHPSESSID' => '6a6f4712d71293dd59a1517f48b00237'
    '_csrf' => 'a2b6d4e1c4f71530155a58e4d444e3c6a1fb64c12352374c8b9efa1f1c61e3d6a:2:{i:0;s:5:\"_csrf\";i:1;s:32:\"nfy1lYY20tvJS2thcr0cJx0iQ031K8iG\";}'
]

$_SESSION = [
    '__flash' => []
]

$_SERVER = [
    'UNIQUE_ID' => 'XOt7lJYQrYN@x0JRTo2HoQAAAAA'
    'HTTP_HOST' => 'localhost'
    'HTTP_USER_AGENT' => 'Mozilla/5.0 (X11; Ubuntu; Linux x86_64; rv:67.0) Gecko/20100101 Firefox/67.0'
    'HTTP_ACCEPT' => 'text/html,application/xhtml+xml,application/xml;q=0.9,*/*;q=0.8'
    'HTTP_ACCEPT_LANGUAGE' => 'en-US,en;q=0.5'
    'HTTP_ACCEPT_ENCODING' => 'gzip, deflate'
    'HTTP_CONNECTION' => 'keep-alive'
    'HTTP_COOKIE' => 'PHPSESSID=6a6f4712d71293dd59a1517f48b00237; _csrf=a2b6d4e1c4f71530155a58e4d444e3c6a1fb64c12352374c8b9efa1f1c61e3d6a%3A2%3A%7Bi%3A0%3Bs%3A5%3A%22_csrf%22%3Bi%3A1%3Bs%3A32%3A%22nfy1lYY20tvJS2thcr0cJx0iQ031K8iG%22%3B%7D'
    'HTTP_UPGRADE_INSECURE_REQUESTS' => '1'
    'PATH' => '/usr/local/sbin:/usr/local/bin:/usr/sbin:/usr/bin:/sbin:/bin'
    'LD_LIBRARY_PATH' => '/opt/lampp/lib:/opt/lampp/lib'
    'SERVER_SIGNATURE' => ''
    'SERVER_SOFTWARE' => 'Apache/2.4.34 (Unix) OpenSSL/1.0.2p PHP/7.2.10 mod_perl/2.0.8-dev Perl/v5.16.3'
    'SERVER_NAME' => 'localhost'
    'SERVER_ADDR' => '127.0.0.1'
    'SERVER_PORT' => '80'
    'REMOTE_ADDR' => '127.0.0.1'
    'DOCUMENT_ROOT' => '/opt/lampp/htdocs'
    'REQUEST_SCHEME' => 'http'
    'CONTEXT_PREFIX' => ''
    'CONTEXT_DOCUMENT_ROOT' => '/opt/lampp/htdocs'
    'SERVER_ADMIN' => 'you@example.com'
    'SCRIPT_FILENAME' => '/opt/lampp/htdocs/yii-prak1/web/index.php'
    'REMOTE_PORT' => '45308'
    'GATEWAY_INTERFACE' => 'CGI/1.1'
    'SERVER_PROTOCOL' => 'HTTP/1.1'
    'REQUEST_METHOD' => 'GET'
    'QUERY_STRING' => 'r=fakultas'
    'REQUEST_URI' => '/yii-prak1/web/index.php?r=fakultas'
    'SCRIPT_NAME' => '/yii-prak1/web/index.php'
    'PHP_SELF' => '/yii-prak1/web/index.php'
    'REQUEST_TIME_FLOAT' => 1558936468.588
    'REQUEST_TIME' => 1558936468
]
2019-05-27 07:54:33 [127.0.0.1][-][6a6f4712d71293dd59a1517f48b00237][error][yii\web\HttpException:404] yii\base\InvalidRouteException: Unable to resolve the request "user". in /opt/lampp/htdocs/yii-prak1/vendor/yiisoft/yii2/base/Module.php:537
Stack trace:
#0 /opt/lampp/htdocs/yii-prak1/vendor/yiisoft/yii2/web/Application.php(103): yii\base\Module->runAction('user', Array)
#1 /opt/lampp/htdocs/yii-prak1/vendor/yiisoft/yii2/base/Application.php(386): yii\web\Application->handleRequest(Object(yii\web\Request))
#2 /opt/lampp/htdocs/yii-prak1/web/index.php(12): yii\base\Application->run()
#3 {main}

Next yii\web\NotFoundHttpException: Page not found. in /opt/lampp/htdocs/yii-prak1/vendor/yiisoft/yii2/web/Application.php:115
Stack trace:
#0 /opt/lampp/htdocs/yii-prak1/vendor/yiisoft/yii2/base/Application.php(386): yii\web\Application->handleRequest(Object(yii\web\Request))
#1 /opt/lampp/htdocs/yii-prak1/web/index.php(12): yii\base\Application->run()
#2 {main}
2019-05-27 07:54:33 [127.0.0.1][-][6a6f4712d71293dd59a1517f48b00237][info][application] $_GET = [
    'r' => 'user'
]

$_POST = []

$_FILES = []

$_COOKIE = [
    'PHPSESSID' => '6a6f4712d71293dd59a1517f48b00237'
    '_csrf' => 'a2b6d4e1c4f71530155a58e4d444e3c6a1fb64c12352374c8b9efa1f1c61e3d6a:2:{i:0;s:5:\"_csrf\";i:1;s:32:\"nfy1lYY20tvJS2thcr0cJx0iQ031K8iG\";}'
]

$_SESSION = [
    '__flash' => []
]

$_SERVER = [
    'UNIQUE_ID' => 'XOt7mZYQrYN@x0JRTo2HowAAAAA'
    'HTTP_HOST' => 'localhost'
    'HTTP_USER_AGENT' => 'Mozilla/5.0 (X11; Ubuntu; Linux x86_64; rv:67.0) Gecko/20100101 Firefox/67.0'
    'HTTP_ACCEPT' => 'text/html,application/xhtml+xml,application/xml;q=0.9,*/*;q=0.8'
    'HTTP_ACCEPT_LANGUAGE' => 'en-US,en;q=0.5'
    'HTTP_ACCEPT_ENCODING' => 'gzip, deflate'
    'HTTP_CONNECTION' => 'keep-alive'
    'HTTP_COOKIE' => 'PHPSESSID=6a6f4712d71293dd59a1517f48b00237; _csrf=a2b6d4e1c4f71530155a58e4d444e3c6a1fb64c12352374c8b9efa1f1c61e3d6a%3A2%3A%7Bi%3A0%3Bs%3A5%3A%22_csrf%22%3Bi%3A1%3Bs%3A32%3A%22nfy1lYY20tvJS2thcr0cJx0iQ031K8iG%22%3B%7D'
    'HTTP_UPGRADE_INSECURE_REQUESTS' => '1'
    'PATH' => '/usr/local/sbin:/usr/local/bin:/usr/sbin:/usr/bin:/sbin:/bin'
    'LD_LIBRARY_PATH' => '/opt/lampp/lib:/opt/lampp/lib'
    'SERVER_SIGNATURE' => ''
    'SERVER_SOFTWARE' => 'Apache/2.4.34 (Unix) OpenSSL/1.0.2p PHP/7.2.10 mod_perl/2.0.8-dev Perl/v5.16.3'
    'SERVER_NAME' => 'localhost'
    'SERVER_ADDR' => '127.0.0.1'
    'SERVER_PORT' => '80'
    'REMOTE_ADDR' => '127.0.0.1'
    'DOCUMENT_ROOT' => '/opt/lampp/htdocs'
    'REQUEST_SCHEME' => 'http'
    'CONTEXT_PREFIX' => ''
    'CONTEXT_DOCUMENT_ROOT' => '/opt/lampp/htdocs'
    'SERVER_ADMIN' => 'you@example.com'
    'SCRIPT_FILENAME' => '/opt/lampp/htdocs/yii-prak1/web/index.php'
    'REMOTE_PORT' => '45308'
    'GATEWAY_INTERFACE' => 'CGI/1.1'
    'SERVER_PROTOCOL' => 'HTTP/1.1'
    'REQUEST_METHOD' => 'GET'
    'QUERY_STRING' => 'r=user'
    'REQUEST_URI' => '/yii-prak1/web/index.php?r=user'
    'SCRIPT_NAME' => '/yii-prak1/web/index.php'
    'PHP_SELF' => '/yii-prak1/web/index.php'
    'REQUEST_TIME_FLOAT' => 1558936473.307
    'REQUEST_TIME' => 1558936473
]
2019-05-27 07:55:54 [127.0.0.1][-][6a6f4712d71293dd59a1517f48b00237][error][yii\web\HttpException:404] yii\base\InvalidRouteException: Unable to resolve the request "prodi". in /opt/lampp/htdocs/yii-prak1/vendor/yiisoft/yii2/base/Module.php:537
Stack trace:
#0 /opt/lampp/htdocs/yii-prak1/vendor/yiisoft/yii2/web/Application.php(103): yii\base\Module->runAction('prodi', Array)
#1 /opt/lampp/htdocs/yii-prak1/vendor/yiisoft/yii2/base/Application.php(386): yii\web\Application->handleRequest(Object(yii\web\Request))
#2 /opt/lampp/htdocs/yii-prak1/web/index.php(12): yii\base\Application->run()
#3 {main}

Next yii\web\NotFoundHttpException: Page not found. in /opt/lampp/htdocs/yii-prak1/vendor/yiisoft/yii2/web/Application.php:115
Stack trace:
#0 /opt/lampp/htdocs/yii-prak1/vendor/yiisoft/yii2/base/Application.php(386): yii\web\Application->handleRequest(Object(yii\web\Request))
#1 /opt/lampp/htdocs/yii-prak1/web/index.php(12): yii\base\Application->run()
#2 {main}
2019-05-27 07:55:54 [127.0.0.1][-][6a6f4712d71293dd59a1517f48b00237][info][application] $_GET = [
    'r' => 'prodi'
]

$_POST = []

$_FILES = []

$_COOKIE = [
    'PHPSESSID' => '6a6f4712d71293dd59a1517f48b00237'
    '_csrf' => 'a2b6d4e1c4f71530155a58e4d444e3c6a1fb64c12352374c8b9efa1f1c61e3d6a:2:{i:0;s:5:\"_csrf\";i:1;s:32:\"nfy1lYY20tvJS2thcr0cJx0iQ031K8iG\";}'
]

$_SESSION = [
    '__flash' => []
]

$_SERVER = [
    'UNIQUE_ID' => 'XOt76vg5lqju4P2r@AqPPwAAAAs'
    'HTTP_HOST' => 'localhost'
    'HTTP_USER_AGENT' => 'Mozilla/5.0 (X11; Ubuntu; Linux x86_64; rv:67.0) Gecko/20100101 Firefox/67.0'
    'HTTP_ACCEPT' => 'text/html,application/xhtml+xml,application/xml;q=0.9,*/*;q=0.8'
    'HTTP_ACCEPT_LANGUAGE' => 'en-US,en;q=0.5'
    'HTTP_ACCEPT_ENCODING' => 'gzip, deflate'
    'HTTP_CONNECTION' => 'keep-alive'
    'HTTP_COOKIE' => 'PHPSESSID=6a6f4712d71293dd59a1517f48b00237; _csrf=a2b6d4e1c4f71530155a58e4d444e3c6a1fb64c12352374c8b9efa1f1c61e3d6a%3A2%3A%7Bi%3A0%3Bs%3A5%3A%22_csrf%22%3Bi%3A1%3Bs%3A32%3A%22nfy1lYY20tvJS2thcr0cJx0iQ031K8iG%22%3B%7D'
    'HTTP_UPGRADE_INSECURE_REQUESTS' => '1'
    'PATH' => '/usr/local/sbin:/usr/local/bin:/usr/sbin:/usr/bin:/sbin:/bin'
    'LD_LIBRARY_PATH' => '/opt/lampp/lib:/opt/lampp/lib'
    'SERVER_SIGNATURE' => ''
    'SERVER_SOFTWARE' => 'Apache/2.4.34 (Unix) OpenSSL/1.0.2p PHP/7.2.10 mod_perl/2.0.8-dev Perl/v5.16.3'
    'SERVER_NAME' => 'localhost'
    'SERVER_ADDR' => '127.0.0.1'
    'SERVER_PORT' => '80'
    'REMOTE_ADDR' => '127.0.0.1'
    'DOCUMENT_ROOT' => '/opt/lampp/htdocs'
    'REQUEST_SCHEME' => 'http'
    'CONTEXT_PREFIX' => ''
    'CONTEXT_DOCUMENT_ROOT' => '/opt/lampp/htdocs'
    'SERVER_ADMIN' => 'you@example.com'
    'SCRIPT_FILENAME' => '/opt/lampp/htdocs/yii-prak1/web/index.php'
    'REMOTE_PORT' => '45322'
    'GATEWAY_INTERFACE' => 'CGI/1.1'
    'SERVER_PROTOCOL' => 'HTTP/1.1'
    'REQUEST_METHOD' => 'GET'
    'QUERY_STRING' => 'r=prodi'
    'REQUEST_URI' => '/yii-prak1/web/index.php?r=prodi'
    'SCRIPT_NAME' => '/yii-prak1/web/index.php'
    'PHP_SELF' => '/yii-prak1/web/index.php'
    'REQUEST_TIME_FLOAT' => 1558936554.72
    'REQUEST_TIME' => 1558936554
]
2019-05-27 07:56:30 [127.0.0.1][-][6a6f4712d71293dd59a1517f48b00237][error][yii\web\HttpException:404] yii\base\InvalidRouteException: Unable to resolve the request "git". in /opt/lampp/htdocs/yii-prak1/vendor/yiisoft/yii2/base/Module.php:537
Stack trace:
#0 /opt/lampp/htdocs/yii-prak1/vendor/yiisoft/yii2/web/Application.php(103): yii\base\Module->runAction('git', Array)
#1 /opt/lampp/htdocs/yii-prak1/vendor/yiisoft/yii2/base/Application.php(386): yii\web\Application->handleRequest(Object(yii\web\Request))
#2 /opt/lampp/htdocs/yii-prak1/web/index.php(12): yii\base\Application->run()
#3 {main}

Next yii\web\NotFoundHttpException: Page not found. in /opt/lampp/htdocs/yii-prak1/vendor/yiisoft/yii2/web/Application.php:115
Stack trace:
#0 /opt/lampp/htdocs/yii-prak1/vendor/yiisoft/yii2/base/Application.php(386): yii\web\Application->handleRequest(Object(yii\web\Request))
#1 /opt/lampp/htdocs/yii-prak1/web/index.php(12): yii\base\Application->run()
#2 {main}
2019-05-27 07:56:30 [127.0.0.1][-][6a6f4712d71293dd59a1517f48b00237][info][application] $_GET = [
    'r' => 'git'
]

$_POST = []

$_FILES = []

$_COOKIE = [
    'PHPSESSID' => '6a6f4712d71293dd59a1517f48b00237'
    '_csrf' => 'a2b6d4e1c4f71530155a58e4d444e3c6a1fb64c12352374c8b9efa1f1c61e3d6a:2:{i:0;s:5:\"_csrf\";i:1;s:32:\"nfy1lYY20tvJS2thcr0cJx0iQ031K8iG\";}'
]

$_SESSION = [
    '__flash' => []
]

$_SERVER = [
    'UNIQUE_ID' => 'XOt8Di4Q8CMNQevfWTnZNAAAAAM'
    'HTTP_HOST' => 'localhost'
    'HTTP_USER_AGENT' => 'Mozilla/5.0 (X11; Ubuntu; Linux x86_64; rv:67.0) Gecko/20100101 Firefox/67.0'
    'HTTP_ACCEPT' => 'text/html,application/xhtml+xml,application/xml;q=0.9,*/*;q=0.8'
    'HTTP_ACCEPT_LANGUAGE' => 'en-US,en;q=0.5'
    'HTTP_ACCEPT_ENCODING' => 'gzip, deflate'
    'HTTP_CONNECTION' => 'keep-alive'
    'HTTP_COOKIE' => 'PHPSESSID=6a6f4712d71293dd59a1517f48b00237; _csrf=a2b6d4e1c4f71530155a58e4d444e3c6a1fb64c12352374c8b9efa1f1c61e3d6a%3A2%3A%7Bi%3A0%3Bs%3A5%3A%22_csrf%22%3Bi%3A1%3Bs%3A32%3A%22nfy1lYY20tvJS2thcr0cJx0iQ031K8iG%22%3B%7D'
    'HTTP_UPGRADE_INSECURE_REQUESTS' => '1'
    'PATH' => '/usr/local/sbin:/usr/local/bin:/usr/sbin:/usr/bin:/sbin:/bin'
    'LD_LIBRARY_PATH' => '/opt/lampp/lib:/opt/lampp/lib'
    'SERVER_SIGNATURE' => ''
    'SERVER_SOFTWARE' => 'Apache/2.4.34 (Unix) OpenSSL/1.0.2p PHP/7.2.10 mod_perl/2.0.8-dev Perl/v5.16.3'
    'SERVER_NAME' => 'localhost'
    'SERVER_ADDR' => '127.0.0.1'
    'SERVER_PORT' => '80'
    'REMOTE_ADDR' => '127.0.0.1'
    'DOCUMENT_ROOT' => '/opt/lampp/htdocs'
    'REQUEST_SCHEME' => 'http'
    'CONTEXT_PREFIX' => ''
    'CONTEXT_DOCUMENT_ROOT' => '/opt/lampp/htdocs'
    'SERVER_ADMIN' => 'you@example.com'
    'SCRIPT_FILENAME' => '/opt/lampp/htdocs/yii-prak1/web/index.php'
    'REMOTE_PORT' => '45330'
    'GATEWAY_INTERFACE' => 'CGI/1.1'
    'SERVER_PROTOCOL' => 'HTTP/1.1'
    'REQUEST_METHOD' => 'GET'
    'QUERY_STRING' => 'r=git'
    'REQUEST_URI' => '/yii-prak1/web/index.php?r=git'
    'SCRIPT_NAME' => '/yii-prak1/web/index.php'
    'PHP_SELF' => '/yii-prak1/web/index.php'
    'REQUEST_TIME_FLOAT' => 1558936590.558
    'REQUEST_TIME' => 1558936590
]
